# JRE version: OpenJDK Runtime Environment (8.0_202-b03) (build 1.8.0_202-release-1483-b03)
# Java VM: OpenJDK 64-Bit Server VM (25.202-b03 mixed mode windows-amd64 compressed oops)
Heap:
 PSYoungGen      total 321024K, used 172433K [0x00000000e0000000, 0x00000000f7100000, 0x0000000100000000)
  eden space 287744K, 54% used [0x00000000e0000000,0x00000000e999f1f8,0x00000000f1900000)
  from space 33280K, 45% used [0x00000000f3800000,0x00000000f46c55b8,0x00000000f5880000)
  to   space 31744K, 0% used [0x00000000f1900000,0x00000000f1900000,0x00000000f3800000)
 ParOldGen       total 178688K, used 42210K [0x00000000a0000000, 0x00000000aae80000, 0x00000000e0000000)
  object space 178688K, 23% used [0x00000000a0000000,0x00000000a29389a0,0x00000000aae80000)
 Metaspace       used 98236K, capacity 102412K, committed 103552K, reserved 1138688K
  class space    used 12531K, capacity 13354K, committed 13696K, reserved 1048576K
GC Heap History (10 events):
Event: 2938.244 GC heap before
{Heap before GC invocations=16 (full 3):
 PSYoungGen      total 286208K, used 286199K [0x00000000e0000000, 0x00000000f3680000, 0x0000000100000000)
  eden space 263168K, 100% used [0x00000000e0000000,0x00000000f0100000,0x00000000f0100000)
  from space 23040K, 99% used [0x00000000f2000000,0x00000000f367dc60,0x00000000f3680000)
  to   space 26624K, 0% used [0x00000000f0280000,0x00000000f0280000,0x00000000f1c80000)
 ParOldGen       total 126976K, used 35136K [0x00000000a0000000, 0x00000000a7c00000, 0x00000000e0000000)
  object space 126976K, 27% used [0x00000000a0000000,0x00000000a22500e8,0x00000000a7c00000)
 Metaspace       used 85262K, capacity 89230K, committed 89344K, reserved 1126400K
  class space    used 11261K, capacity 12023K, committed 12032K, reserved 1048576K
Event: 2938.307 GC heap after
Heap after GC invocations=16 (full 3):
 PSYoungGen      total 291328K, used 26615K [0x00000000e0000000, 0x00000000f6f80000, 0x0000000100000000)
  eden space 264704K, 0% used [0x00000000e0000000,0x00000000e0000000,0x00000000f0280000)
  from space 26624K, 99% used [0x00000000f0280000,0x00000000f1c7dcc0,0x00000000f1c80000)
  to   space 36352K, 0% used [0x00000000f4c00000,0x00000000f4c00000,0x00000000f6f80000)
 ParOldGen       total 126976K, used 51804K [0x00000000a0000000, 0x00000000a7c00000, 0x00000000e0000000)
  object space 126976K, 40% used [0x00000000a0000000,0x00000000a32973e8,0x00000000a7c00000)
 Metaspace       used 85262K, capacity 89230K, committed 89344K, reserved 1126400K
  class space    used 11261K, capacity 12023K, committed 12032K, reserved 1048576K
}
Event: 3117.070 GC heap before
{Heap before GC invocations=17 (full 3):
 PSYoungGen      total 291328K, used 291319K [0x00000000e0000000, 0x00000000f6f80000, 0x0000000100000000)
  eden space 264704K, 100% used [0x00000000e0000000,0x00000000f0280000,0x00000000f0280000)
  from space 26624K, 99% used [0x00000000f0280000,0x00000000f1c7dcc0,0x00000000f1c80000)
  to   space 36352K, 0% used [0x00000000f4c00000,0x00000000f4c00000,0x00000000f6f80000)
 ParOldGen       total 126976K, used 51804K [0x00000000a0000000, 0x00000000a7c00000, 0x00000000e0000000)
  object space 126976K, 40% used [0x00000000a0000000,0x00000000a32973e8,0x00000000a7c00000)
 Metaspace       used 88225K, capacity 92570K, committed 92672K, reserved 1130496K
  class space    used 11634K, capacity 12451K, committed 12544K, reserved 1048576K
Event: 3117.099 GC heap after
Heap after GC invocations=17 (full 3):
 PSYoungGen      total 324608K, used 16553K [0x00000000e0000000, 0x00000000f6680000, 0x0000000100000000)
  eden space 297472K, 0% used [0x00000000e0000000,0x00000000e0000000,0x00000000f2280000)
  from space 27136K, 61% used [0x00000000f4c00000,0x00000000f5c2a7a0,0x00000000f6680000)
  to   space 34816K, 0% used [0x00000000f2280000,0x00000000f2280000,0x00000000f4480000)
 ParOldGen       total 126976K, used 56743K [0x00000000a0000000, 0x00000000a7c00000, 0x00000000e0000000)
  object space 126976K, 44% used [0x00000000a0000000,0x00000000a3769f98,0x00000000a7c00000)
 Metaspace       used 88225K, capacity 92570K, committed 92672K, reserved 1130496K
  class space    used 11634K, capacity 12451K, committed 12544K, reserved 1048576K
}
Event: 6700.710 GC heap before
{Heap before GC invocations=18 (full 3):
 PSYoungGen      total 324608K, used 265180K [0x00000000e0000000, 0x00000000f6680000, 0x0000000100000000)
  eden space 297472K, 83% used [0x00000000e0000000,0x00000000ef2cca68,0x00000000f2280000)
  from space 27136K, 61% used [0x00000000f4c00000,0x00000000f5c2a7a0,0x00000000f6680000)
  to   space 34816K, 0% used [0x00000000f2280000,0x00000000f2280000,0x00000000f4480000)
 ParOldGen       total 126976K, used 56743K [0x00000000a0000000, 0x00000000a7c00000, 0x00000000e0000000)
  object space 126976K, 44% used [0x00000000a0000000,0x00000000a3769f98,0x00000000a7c00000)
 Metaspace       used 93602K, capacity 98418K, committed 98496K, reserved 1134592K
  class space    used 12272K, capacity 13164K, committed 13184K, reserved 1048576K
Event: 6700.739 GC heap after
Heap after GC invocations=18 (full 3):
 PSYoungGen      total 300032K, used 13620K [0x00000000e0000000, 0x00000000f5880000, 0x0000000100000000)
  eden space 286208K, 0% used [0x00000000e0000000,0x00000000e0000000,0x00000000f1780000)
  from space 13824K, 98% used [0x00000000f2280000,0x00000000f2fcd160,0x00000000f3000000)
  to   space 33280K, 0% used [0x00000000f3800000,0x00000000f3800000,0x00000000f5880000)
 ParOldGen       total 126976K, used 56751K [0x00000000a0000000, 0x00000000a7c00000, 0x00000000e0000000)
  object space 126976K, 44% used [0x00000000a0000000,0x00000000a376bf98,0x00000000a7c00000)
 Metaspace       used 93602K, capacity 98418K, committed 98496K, reserved 1134592K
  class space    used 12272K, capacity 13164K, committed 13184K, reserved 1048576K
}
Event: 6700.739 GC heap before
{Heap before GC invocations=19 (full 4):
 PSYoungGen      total 300032K, used 13620K [0x00000000e0000000, 0x00000000f5880000, 0x0000000100000000)
  eden space 286208K, 0% used [0x00000000e0000000,0x00000000e0000000,0x00000000f1780000)
  from space 13824K, 98% used [0x00000000f2280000,0x00000000f2fcd160,0x00000000f3000000)
  to   space 33280K, 0% used [0x00000000f3800000,0x00000000f3800000,0x00000000f5880000)
 ParOldGen       total 126976K, used 56751K [0x00000000a0000000, 0x00000000a7c00000, 0x00000000e0000000)
  object space 126976K, 44% used [0x00000000a0000000,0x00000000a376bf98,0x00000000a7c00000)
 Metaspace       used 93602K, capacity 98418K, committed 98496K, reserved 1134592K
  class space    used 12272K, capacity 13164K, committed 13184K, reserved 1048576K
Event: 6701.060 GC heap after
Heap after GC invocations=19 (full 4):
 PSYoungGen      total 300032K, used 0K [0x00000000e0000000, 0x00000000f5880000, 0x0000000100000000)
  eden space 286208K, 0% used [0x00000000e0000000,0x00000000e0000000,0x00000000f1780000)
  from space 13824K, 0% used [0x00000000f2280000,0x00000000f2280000,0x00000000f3000000)
  to   space 33280K, 0% used [0x00000000f3800000,0x00000000f3800000,0x00000000f5880000)
 ParOldGen       total 178688K, used 42202K [0x00000000a0000000, 0x00000000aae80000, 0x00000000e0000000)
  object space 178688K, 23% used [0x00000000a0000000,0x00000000a29369a0,0x00000000aae80000)
 Metaspace       used 91218K, capacity 94566K, committed 98496K, reserved 1134592K
  class space    used 11832K, capacity 12487K, committed 13184K, reserved 1048576K
}
Event: 8037.692 GC heap before
{Heap before GC invocations=20 (full 4):
 PSYoungGen      total 300032K, used 286208K [0x00000000e0000000, 0x00000000f5880000, 0x0000000100000000)
  eden space 286208K, 100% used [0x00000000e0000000,0x00000000f1780000,0x00000000f1780000)
  from space 13824K, 0% used [0x00000000f2280000,0x00000000f2280000,0x00000000f3000000)
  to   space 33280K, 0% used [0x00000000f3800000,0x00000000f3800000,0x00000000f5880000)
 ParOldGen       total 178688K, used 42202K [0x00000000a0000000, 0x00000000aae80000, 0x00000000e0000000)
  object space 178688K, 23% used [0x00000000a0000000,0x00000000a29369a0,0x00000000aae80000)
 Metaspace       used 95514K, capacity 99574K, committed 100992K, reserved 1136640K
  class space    used 12268K, capacity 13061K, committed 13440K, reserved 1048576K
Event: 8037.733 GC heap after
Heap after GC invocations=20 (full 4):
 PSYoungGen      total 321024K, used 15125K [0x00000000e0000000, 0x00000000f7100000, 0x0000000100000000)
  eden space 287744K, 0% used [0x00000000e0000000,0x00000000e0000000,0x00000000f1900000)
  from space 33280K, 45% used [0x00000000f3800000,0x00000000f46c55b8,0x00000000f5880000)
  to   space 31744K, 0% used [0x00000000f1900000,0x00000000f1900000,0x00000000f3800000)
 ParOldGen       total 178688K, used 42210K [0x00000000a0000000, 0x00000000aae80000, 0x00000000e0000000)
  object space 178688K, 23% used [0x00000000a0000000,0x00000000a29389a0,0x00000000aae80000)
 Metaspace       used 95514K, capacity 99574K, committed 100992K, reserved 1136640K
  class space    used 12268K, capacity 13061K, committed 13440K, reserved 1048576K
}

